<?xml version="1.0" encoding="UTF-8"?>
<!-- Generated by org.testng.reporters.JUnitXMLReporter -->
<testsuite hostname="DESKTOP-VHB0RST" ignored="0" name="Default test" tests="6" failures="0" timestamp="23 Aug 2022 15:37:19 GMT" time="0.064" errors="0">
  <testcase name="melon" time="0.008" classname="com.test.Friuts$Fruits"/>
  <testcase name="orange" time="0.002" classname="com.test.Friuts$Fruits"/>
  <testcase name="grapes" time="0.001" classname="com.test.Friuts$Fruits"/>
  <testcase name="apple" time="0.003" classname="com.test.Friuts$Fruits"/>
  <testcase name="sopota" time="0.004" classname="com.test.Friuts$Fruits"/>
  <testcase name="mango" time="0.013" classname="com.test.Friuts$Fruits"/>
</testsuite> <!-- Default test -->
