<?xml version="1.0" encoding="UTF-8"?>
<testng-results skipped="0" failed="0" ignored="0" total="1" passed="1">
  <reporter-output>
  </reporter-output>
  <suite name="Default suite" duration-ms="15758" started-at="2022-09-02T15:36:10Z" finished-at="2022-09-02T15:36:25Z">
    <groups>
    </groups>
    <test name="Default test" duration-ms="15758" started-at="2022-09-02T15:36:10Z" finished-at="2022-09-02T15:36:25Z">
      <class name="testngtest.ExtendReportsTesting">
        <test-method status="PASS" signature="begin()[pri:0, instance:testngtest.ExtendReportsTesting@1bce4f0a]" name="begin" is-config="true" duration-ms="167" started-at="2022-09-02T15:36:09Z" finished-at="2022-09-02T15:36:10Z">
          <reporter-output>
          </reporter-output>
        </test-method> <!-- begin -->
        <test-method status="PASS" signature="orangeloginhrm()[pri:0, instance:testngtest.ExtendReportsTesting@1bce4f0a]" name="orangeloginhrm" duration-ms="15733" started-at="2022-09-02T15:36:10Z" finished-at="2022-09-02T15:36:25Z">
          <reporter-output>
          </reporter-output>
        </test-method> <!-- orangeloginhrm -->
        <test-method status="PASS" signature="finish()[pri:0, instance:testngtest.ExtendReportsTesting@1bce4f0a]" name="finish" is-config="true" duration-ms="390" started-at="2022-09-02T15:36:25Z" finished-at="2022-09-02T15:36:26Z">
          <reporter-output>
          </reporter-output>
        </test-method> <!-- finish -->
      </class> <!-- testngtest.ExtendReportsTesting -->
    </test> <!-- Default test -->
  </suite> <!-- Default suite -->
</testng-results>
